<?xml version="1.0" encoding="UTF-8"?>
<testng-results ignored="0" total="2" passed="2" failed="0" skipped="0">
  <reporter-output>
  </reporter-output>
  <suite started-at="2024-11-02T21:43:08 IST" name="Default suite" finished-at="2024-11-02T21:43:21 IST" duration-ms="13127">
    <groups>
      <group name="cucumber">
        <method signature="AbstractTestNGCucumberTests.runScenario(io.cucumber.testng.PickleWrapper,io.cucumber.testng.FeatureWrapper)[pri:0, instance:runner.TesgNGTestRunner@77c2494c]" name="runScenario" class="io.cucumber.testng.AbstractTestNGCucumberTests"/>
      </group> <!-- cucumber -->
    </groups>
    <test started-at="2024-11-02T21:43:08 IST" name="chrome test" finished-at="2024-11-02T21:43:21 IST" duration-ms="13127">
      <class name="runner.TesgNGTestRunner">
        <test-method is-config="true" signature="setUpClass(org.testng.ITestContext)[pri:0, instance:runner.TesgNGTestRunner@77c2494c]" started-at="2024-11-02T21:43:08 IST" name="setUpClass" finished-at="2024-11-02T21:43:15 IST" duration-ms="6955" status="PASS">
          <params>
            <param index="0">
              <value>
                <![CDATA[org.testng.TestRunner@6ea04618]]>
              </value>
            </param>
          </params>
          <reporter-output>
          </reporter-output>
        </test-method> <!-- setUpClass -->
        <test-method signature="runScenario(io.cucumber.testng.PickleWrapper,io.cucumber.testng.FeatureWrapper)[pri:0, instance:runner.TesgNGTestRunner@77c2494c]" started-at="2024-11-02T21:43:15 IST" name="runScenario" description="Runs Cucumber Scenarios" data-provider="scenarios" finished-at="2024-11-02T21:43:17 IST" duration-ms="2181" status="PASS">
          <params>
            <param index="0">
              <value>
                <![CDATA["Login to OrangeHRM"]]>
              </value>
            </param>
            <param index="1">
              <value>
                <![CDATA["BDD implementation using Cucumber"]]>
              </value>
            </param>
          </params>
          <reporter-output>
          </reporter-output>
        </test-method> <!-- runScenario -->
        <test-method signature="runScenario(io.cucumber.testng.PickleWrapper,io.cucumber.testng.FeatureWrapper)[pri:0, instance:runner.TesgNGTestRunner@77c2494c]" started-at="2024-11-02T21:43:17 IST" name="runScenario" description="Runs Cucumber Scenarios" data-provider="scenarios" finished-at="2024-11-02T21:43:21 IST" duration-ms="3832" status="PASS">
          <params>
            <param index="0">
              <value>
                <![CDATA["Add New Employee to HRM Portal1"]]>
              </value>
            </param>
            <param index="1">
              <value>
                <![CDATA["BDD implementation using Cucumber"]]>
              </value>
            </param>
          </params>
          <reporter-output>
          </reporter-output>
        </test-method> <!-- runScenario -->
        <test-method is-config="true" signature="tearDownClass()[pri:0, instance:runner.TesgNGTestRunner@77c2494c]" started-at="2024-11-02T21:43:21 IST" name="tearDownClass" finished-at="2024-11-02T21:43:21 IST" duration-ms="69" status="PASS">
          <reporter-output>
          </reporter-output>
        </test-method> <!-- tearDownClass -->
      </class> <!-- runner.TesgNGTestRunner -->
    </test> <!-- chrome test -->
  </suite> <!-- Default suite -->
</testng-results>
