<?xml version="1.0" encoding="UTF-8"?>
<testng-results ignored="0" total="6" passed="5" failed="1" skipped="0">
  <reporter-output>
  </reporter-output>
  <suite started-at="2024-11-03T22:20:55 IST" name="Suite" finished-at="2024-11-03T22:21:45 IST" duration-ms="49856">
    <groups>
      <group name="regression">
        <method signature="OrangeHRMTestCase.AddEmp()[pri:0, instance:testCases.OrangeHRMTestCase@1e800aaa]" name="AddEmp" class="testCases.OrangeHRMTestCase"/>
        <method signature="OrangeHRMTestCase.AddEmp()[pri:0, instance:testCases.OrangeHRMTestCase@49e5f737]" name="AddEmp" class="testCases.OrangeHRMTestCase"/>
        <method signature="OrangeHRMTestCase.AddEmp()[pri:0, instance:testCases.OrangeHRMTestCase@757277dc]" name="AddEmp" class="testCases.OrangeHRMTestCase"/>
      </group> <!-- regression -->
      <group name="smoke">
        <method signature="OrangeHRMTestCase.LoginToHRM(java.lang.String,java.lang.String)[pri:0, instance:testCases.OrangeHRMTestCase@1e800aaa]" name="LoginToHRM" class="testCases.OrangeHRMTestCase"/>
        <method signature="OrangeHRMTestCase.AddEmp()[pri:0, instance:testCases.OrangeHRMTestCase@1e800aaa]" name="AddEmp" class="testCases.OrangeHRMTestCase"/>
        <method signature="OrangeHRMTestCase.LoginToHRM(java.lang.String,java.lang.String)[pri:0, instance:testCases.OrangeHRMTestCase@49e5f737]" name="LoginToHRM" class="testCases.OrangeHRMTestCase"/>
        <method signature="OrangeHRMTestCase.AddEmp()[pri:0, instance:testCases.OrangeHRMTestCase@49e5f737]" name="AddEmp" class="testCases.OrangeHRMTestCase"/>
        <method signature="OrangeHRMTestCase.LoginToHRM(java.lang.String,java.lang.String)[pri:0, instance:testCases.OrangeHRMTestCase@757277dc]" name="LoginToHRM" class="testCases.OrangeHRMTestCase"/>
        <method signature="OrangeHRMTestCase.AddEmp()[pri:0, instance:testCases.OrangeHRMTestCase@757277dc]" name="AddEmp" class="testCases.OrangeHRMTestCase"/>
      </group> <!-- smoke -->
      <group name="login">
        <method signature="OrangeHRMTestCase.LoginToHRM(java.lang.String,java.lang.String)[pri:0, instance:testCases.OrangeHRMTestCase@1e800aaa]" name="LoginToHRM" class="testCases.OrangeHRMTestCase"/>
        <method signature="OrangeHRMTestCase.LoginToHRM(java.lang.String,java.lang.String)[pri:0, instance:testCases.OrangeHRMTestCase@49e5f737]" name="LoginToHRM" class="testCases.OrangeHRMTestCase"/>
        <method signature="OrangeHRMTestCase.LoginToHRM(java.lang.String,java.lang.String)[pri:0, instance:testCases.OrangeHRMTestCase@757277dc]" name="LoginToHRM" class="testCases.OrangeHRMTestCase"/>
      </group> <!-- login -->
    </groups>
    <test started-at="2024-11-03T22:20:55 IST" name="Test with chrome" finished-at="2024-11-03T22:21:10 IST" duration-ms="14499">
      <class name="testCases.OrangeHRMTestCase">
        <test-method is-config="true" signature="setup(java.lang.String)[pri:0, instance:testCases.OrangeHRMTestCase@1e800aaa]" started-at="2024-11-03T22:20:55 IST" name="setup" finished-at="2024-11-03T22:21:03 IST" duration-ms="7543" status="PASS">
          <params>
            <param index="0">
              <value>
                <![CDATA[chrome]]>
              </value>
            </param>
          </params>
          <reporter-output>
          </reporter-output>
        </test-method> <!-- setup -->
        <test-method signature="LoginToHRM(java.lang.String,java.lang.String)[pri:0, instance:testCases.OrangeHRMTestCase@1e800aaa]" started-at="2024-11-03T22:21:03 IST" name="LoginToHRM" data-provider="credentials" finished-at="2024-11-03T22:21:05 IST" duration-ms="2299" status="PASS">
          <params>
            <param index="0">
              <value>
                <![CDATA[Admin]]>
              </value>
            </param>
            <param index="1">
              <value>
                <![CDATA[admin123]]>
              </value>
            </param>
          </params>
          <reporter-output>
          </reporter-output>
        </test-method> <!-- LoginToHRM -->
        <test-method signature="AddEmp()[pri:0, instance:testCases.OrangeHRMTestCase@1e800aaa]" started-at="2024-11-03T22:21:05 IST" name="AddEmp" finished-at="2024-11-03T22:21:09 IST" depends-on-methods="testCases.OrangeHRMTestCase.LoginToHRM" duration-ms="4192" status="PASS">
          <reporter-output>
          </reporter-output>
        </test-method> <!-- AddEmp -->
        <test-method is-config="true" signature="teardown()[pri:0, instance:testCases.OrangeHRMTestCase@1e800aaa]" started-at="2024-11-03T22:21:09 IST" name="teardown" finished-at="2024-11-03T22:21:10 IST" duration-ms="341" status="PASS">
          <reporter-output>
          </reporter-output>
        </test-method> <!-- teardown -->
      </class> <!-- testCases.OrangeHRMTestCase -->
    </test> <!-- Test with chrome -->
    <test started-at="2024-11-03T22:21:10 IST" name="Test with firefox" finished-at="2024-11-03T22:21:30 IST" duration-ms="20615">
      <class name="testCases.OrangeHRMTestCase">
        <test-method is-config="true" signature="setup(java.lang.String)[pri:0, instance:testCases.OrangeHRMTestCase@49e5f737]" started-at="2024-11-03T22:21:10 IST" name="setup" finished-at="2024-11-03T22:21:19 IST" duration-ms="9580" status="PASS">
          <params>
            <param index="0">
              <value>
                <![CDATA[firefox]]>
              </value>
            </param>
          </params>
          <reporter-output>
          </reporter-output>
        </test-method> <!-- setup -->
        <test-method signature="LoginToHRM(java.lang.String,java.lang.String)[pri:0, instance:testCases.OrangeHRMTestCase@49e5f737]" started-at="2024-11-03T22:21:19 IST" name="LoginToHRM" data-provider="credentials" finished-at="2024-11-03T22:21:25 IST" duration-ms="5408" status="PASS">
          <params>
            <param index="0">
              <value>
                <![CDATA[Admin]]>
              </value>
            </param>
            <param index="1">
              <value>
                <![CDATA[admin123]]>
              </value>
            </param>
          </params>
          <reporter-output>
          </reporter-output>
        </test-method> <!-- LoginToHRM -->
        <test-method signature="AddEmp()[pri:0, instance:testCases.OrangeHRMTestCase@49e5f737]" started-at="2024-11-03T22:21:25 IST" name="AddEmp" finished-at="2024-11-03T22:21:29 IST" depends-on-methods="testCases.OrangeHRMTestCase.LoginToHRM" duration-ms="3989" status="FAIL">
          <exception class="org.openqa.selenium.ElementClickInterceptedException">
            <message>
              <![CDATA[Element <div class="oxd-switch-wrapper"> is not clickable at point (743,435) because another element <div class="oxd-form-loader"> obscures it
Build info: version: '4.23.0', revision: '4df0a231af'
System info: os.name: 'Windows 10', os.arch: 'amd64', os.version: '10.0', java.version: '21.0.5'
Driver info: org.openqa.selenium.firefox.FirefoxDriver
Command: [2dd289bc-29e2-4afd-b898-da671a678ca6, clickElement {id=66679492-2186-4eda-949b-9330e06f15aa}]
Capabilities {acceptInsecureCerts: true, browserName: firefox, browserVersion: 132.0, moz:accessibilityChecks: false, moz:buildID: 20241021175835, moz:debuggerAddress: 127.0.0.1:31374, moz:geckodriverVersion: 0.35.0, moz:headless: false, moz:platformVersion: 10.0, moz:processID: 3360, moz:profile: C:\Users\Vimlesh\AppData\Lo..., moz:shutdownTimeout: 60000, moz:webdriverClick: true, moz:windowless: false, pageLoadStrategy: normal, platformName: windows, proxy: Proxy(), se:cdp: ws://127.0.0.1:31374/devtoo..., se:cdpVersion: 85.0, setWindowRect: true, strictFileInteractability: false, timeouts: {implicit: 0, pageLoad: 300000, script: 30000}, unhandledPromptBehavior: dismiss and notify, userAgent: Mozilla/5.0 (Windows NT 10....}
Element: [[FirefoxDriver: firefox on windows (2dd289bc-29e2-4afd-b898-da671a678ca6)] -> xpath: //div[@class='oxd-switch-wrapper']]
Session ID: 2dd289bc-29e2-4afd-b898-da671a678ca6]]>
            </message>
            <full-stacktrace>
              <![CDATA[org.openqa.selenium.ElementClickInterceptedException: Element <div class="oxd-switch-wrapper"> is not clickable at point (743,435) because another element <div class="oxd-form-loader"> obscures it
Build info: version: '4.23.0', revision: '4df0a231af'
System info: os.name: 'Windows 10', os.arch: 'amd64', os.version: '10.0', java.version: '21.0.5'
Driver info: org.openqa.selenium.firefox.FirefoxDriver
Command: [2dd289bc-29e2-4afd-b898-da671a678ca6, clickElement {id=66679492-2186-4eda-949b-9330e06f15aa}]
Capabilities {acceptInsecureCerts: true, browserName: firefox, browserVersion: 132.0, moz:accessibilityChecks: false, moz:buildID: 20241021175835, moz:debuggerAddress: 127.0.0.1:31374, moz:geckodriverVersion: 0.35.0, moz:headless: false, moz:platformVersion: 10.0, moz:processID: 3360, moz:profile: C:\Users\Vimlesh\AppData\Lo..., moz:shutdownTimeout: 60000, moz:webdriverClick: true, moz:windowless: false, pageLoadStrategy: normal, platformName: windows, proxy: Proxy(), se:cdp: ws://127.0.0.1:31374/devtoo..., se:cdpVersion: 85.0, setWindowRect: true, strictFileInteractability: false, timeouts: {implicit: 0, pageLoad: 300000, script: 30000}, unhandledPromptBehavior: dismiss and notify, userAgent: Mozilla/5.0 (Windows NT 10....}
Element: [[FirefoxDriver: firefox on windows (2dd289bc-29e2-4afd-b898-da671a678ca6)] -> xpath: //div[@class='oxd-switch-wrapper']]
Session ID: 2dd289bc-29e2-4afd-b898-da671a678ca6
at java.base/jdk.internal.reflect.DirectConstructorHandleAccessor.newInstance(DirectConstructorHandleAccessor.java:62)
at java.base/java.lang.reflect.Constructor.newInstanceWithCaller(Constructor.java:502)
at java.base/java.lang.reflect.Constructor.newInstance(Constructor.java:486)
at org.openqa.selenium.remote.ErrorCodec.decode(ErrorCodec.java:167)
at org.openqa.selenium.remote.codec.w3c.W3CHttpResponseCodec.decode(W3CHttpResponseCodec.java:138)
at org.openqa.selenium.remote.codec.w3c.W3CHttpResponseCodec.decode(W3CHttpResponseCodec.java:50)
at org.openqa.selenium.remote.HttpCommandExecutor.execute(HttpCommandExecutor.java:190)
at org.openqa.selenium.remote.service.DriverCommandExecutor.invokeExecute(DriverCommandExecutor.java:216)
at org.openqa.selenium.remote.service.DriverCommandExecutor.execute(DriverCommandExecutor.java:174)
at org.openqa.selenium.remote.RemoteWebDriver.execute(RemoteWebDriver.java:527)
at org.openqa.selenium.remote.RemoteWebElement.execute(RemoteWebElement.java:223)
at org.openqa.selenium.remote.RemoteWebElement.click(RemoteWebElement.java:76)
at pages.PIM.enableCreateLogin(PIM.java:44)
at testCases.OrangeHRMTestCase.AddEmp(OrangeHRMTestCase.java:42)
at java.base/jdk.internal.reflect.DirectMethodHandleAccessor.invoke(DirectMethodHandleAccessor.java:103)
at java.base/java.lang.reflect.Method.invoke(Method.java:580)
at org.testng.internal.invokers.MethodInvocationHelper.invokeMethod(MethodInvocationHelper.java:141)
at org.testng.internal.invokers.TestInvoker.invokeMethod(TestInvoker.java:686)
at org.testng.internal.invokers.TestInvoker.invokeTestMethod(TestInvoker.java:230)
at org.testng.internal.invokers.MethodRunner.runInSequence(MethodRunner.java:63)
at org.testng.internal.invokers.TestInvoker$MethodInvocationAgent.invoke(TestInvoker.java:992)
at org.testng.internal.invokers.TestInvoker.invokeTestMethods(TestInvoker.java:203)
at org.testng.internal.invokers.TestMethodWorker.invokeTestMethods(TestMethodWorker.java:154)
at org.testng.internal.invokers.TestMethodWorker.run(TestMethodWorker.java:134)
at java.base/java.util.ArrayList.forEach(ArrayList.java:1596)
at org.testng.TestRunner.privateRun(TestRunner.java:739)
at org.testng.TestRunner.run(TestRunner.java:614)
at org.testng.SuiteRunner.runTest(SuiteRunner.java:421)
at org.testng.SuiteRunner.runSequentially(SuiteRunner.java:413)
at org.testng.SuiteRunner.privateRun(SuiteRunner.java:373)
at org.testng.SuiteRunner.run(SuiteRunner.java:312)
at org.testng.SuiteRunnerWorker.runSuite(SuiteRunnerWorker.java:52)
at org.testng.SuiteRunnerWorker.run(SuiteRunnerWorker.java:95)
at org.testng.TestNG.runSuitesSequentially(TestNG.java:1274)
at org.testng.TestNG.runSuitesLocally(TestNG.java:1208)
at org.testng.TestNG.runSuites(TestNG.java:1112)
at org.testng.TestNG.run(TestNG.java:1079)
at org.testng.remote.AbstractRemoteTestNG.run(AbstractRemoteTestNG.java:115)
at org.testng.remote.RemoteTestNG.initAndRun(RemoteTestNG.java:293)
at org.testng.remote.RemoteTestNG.main(RemoteTestNG.java:91)
]]>
            </full-stacktrace>
          </exception> <!-- org.openqa.selenium.ElementClickInterceptedException -->
          <reporter-output>
          </reporter-output>
        </test-method> <!-- AddEmp -->
        <test-method is-config="true" signature="teardown()[pri:0, instance:testCases.OrangeHRMTestCase@49e5f737]" started-at="2024-11-03T22:21:29 IST" name="teardown" finished-at="2024-11-03T22:21:30 IST" duration-ms="1605" status="PASS">
          <reporter-output>
          </reporter-output>
        </test-method> <!-- teardown -->
      </class> <!-- testCases.OrangeHRMTestCase -->
    </test> <!-- Test with firefox -->
    <test started-at="2024-11-03T22:21:30 IST" name="Test with MicrosoftEdge" finished-at="2024-11-03T22:21:45 IST" duration-ms="14620">
      <class name="testCases.OrangeHRMTestCase">
        <test-method is-config="true" signature="setup(java.lang.String)[pri:0, instance:testCases.OrangeHRMTestCase@757277dc]" started-at="2024-11-03T22:21:30 IST" name="setup" finished-at="2024-11-03T22:21:37 IST" duration-ms="6405" status="PASS">
          <params>
            <param index="0">
              <value>
                <![CDATA[MicrosoftEdge]]>
              </value>
            </param>
          </params>
          <reporter-output>
          </reporter-output>
        </test-method> <!-- setup -->
        <test-method signature="LoginToHRM(java.lang.String,java.lang.String)[pri:0, instance:testCases.OrangeHRMTestCase@757277dc]" started-at="2024-11-03T22:21:37 IST" name="LoginToHRM" data-provider="credentials" finished-at="2024-11-03T22:21:39 IST" duration-ms="2390" status="PASS">
          <params>
            <param index="0">
              <value>
                <![CDATA[Admin]]>
              </value>
            </param>
            <param index="1">
              <value>
                <![CDATA[admin123]]>
              </value>
            </param>
          </params>
          <reporter-output>
          </reporter-output>
        </test-method> <!-- LoginToHRM -->
        <test-method signature="AddEmp()[pri:0, instance:testCases.OrangeHRMTestCase@757277dc]" started-at="2024-11-03T22:21:39 IST" name="AddEmp" finished-at="2024-11-03T22:21:43 IST" depends-on-methods="testCases.OrangeHRMTestCase.LoginToHRM" duration-ms="4254" status="PASS">
          <reporter-output>
          </reporter-output>
        </test-method> <!-- AddEmp -->
        <test-method is-config="true" signature="teardown()[pri:0, instance:testCases.OrangeHRMTestCase@757277dc]" started-at="2024-11-03T22:21:43 IST" name="teardown" finished-at="2024-11-03T22:21:45 IST" duration-ms="1556" status="PASS">
          <reporter-output>
          </reporter-output>
        </test-method> <!-- teardown -->
      </class> <!-- testCases.OrangeHRMTestCase -->
    </test> <!-- Test with MicrosoftEdge -->
  </suite> <!-- Suite -->
</testng-results>
