<?xml version="1.0" encoding="UTF-8"?>
<testng-results ignored="0" total="1" passed="1" failed="0" skipped="0">
  <reporter-output>
  </reporter-output>
  <suite started-at="2024-11-02T11:47:48 IST" name="Default suite" finished-at="2024-11-02T11:48:07 IST" duration-ms="19383">
    <groups>
    </groups>
    <test started-at="2024-11-02T11:47:48 IST" name="Default test" finished-at="2024-11-02T11:48:07 IST" duration-ms="19383">
      <class name="testCases.AppiumNode">
        <test-method signature="OpenAmarUjala()[pri:0, instance:testCases.AppiumNode@1aa7ecca]" started-at="2024-11-02T11:47:48 IST" name="OpenAmarUjala" finished-at="2024-11-02T11:48:07 IST" duration-ms="19294" status="PASS">
          <reporter-output>
          </reporter-output>
        </test-method> <!-- OpenAmarUjala -->
      </class> <!-- testCases.AppiumNode -->
    </test> <!-- Default test -->
  </suite> <!-- Default suite -->
</testng-results>
