<?xml version="1.0" encoding="UTF-8"?>
<testng-results ignored="0" total="4" passed="3" failed="1" skipped="0">
  <reporter-output>
  </reporter-output>
  <suite started-at="2024-11-02T21:35:04 IST" name="Suite" finished-at="2024-11-02T21:35:35 IST" duration-ms="30630">
    <groups>
      <group name="regression">
        <method signature="OrangeHRMTestCase.AddEmp()[pri:0, instance:testCases.OrangeHRMTestCase@6ae5aa72]" name="AddEmp" class="testCases.OrangeHRMTestCase"/>
        <method signature="OrangeHRMTestCase.AddEmp()[pri:0, instance:testCases.OrangeHRMTestCase@5656be13]" name="AddEmp" class="testCases.OrangeHRMTestCase"/>
      </group> <!-- regression -->
      <group name="smoke">
        <method signature="OrangeHRMTestCase.LoginToHRM(java.lang.String,java.lang.String)[pri:0, instance:testCases.OrangeHRMTestCase@6ae5aa72]" name="LoginToHRM" class="testCases.OrangeHRMTestCase"/>
        <method signature="OrangeHRMTestCase.AddEmp()[pri:0, instance:testCases.OrangeHRMTestCase@6ae5aa72]" name="AddEmp" class="testCases.OrangeHRMTestCase"/>
        <method signature="OrangeHRMTestCase.LoginToHRM(java.lang.String,java.lang.String)[pri:0, instance:testCases.OrangeHRMTestCase@5656be13]" name="LoginToHRM" class="testCases.OrangeHRMTestCase"/>
        <method signature="OrangeHRMTestCase.AddEmp()[pri:0, instance:testCases.OrangeHRMTestCase@5656be13]" name="AddEmp" class="testCases.OrangeHRMTestCase"/>
      </group> <!-- smoke -->
      <group name="login">
        <method signature="OrangeHRMTestCase.LoginToHRM(java.lang.String,java.lang.String)[pri:0, instance:testCases.OrangeHRMTestCase@6ae5aa72]" name="LoginToHRM" class="testCases.OrangeHRMTestCase"/>
        <method signature="OrangeHRMTestCase.LoginToHRM(java.lang.String,java.lang.String)[pri:0, instance:testCases.OrangeHRMTestCase@5656be13]" name="LoginToHRM" class="testCases.OrangeHRMTestCase"/>
      </group> <!-- login -->
    </groups>
    <test started-at="2024-11-02T21:35:04 IST" name="Test with chrome" finished-at="2024-11-02T21:35:17 IST" duration-ms="12832">
      <class name="testCases.OrangeHRMTestCase">
        <test-method is-config="true" signature="setup(java.lang.String)[pri:0, instance:testCases.OrangeHRMTestCase@6ae5aa72]" started-at="2024-11-02T21:35:04 IST" name="setup" finished-at="2024-11-02T21:35:10 IST" duration-ms="6209" status="PASS">
          <params>
            <param index="0">
              <value>
                <![CDATA[chrome]]>
              </value>
            </param>
          </params>
          <reporter-output>
          </reporter-output>
        </test-method> <!-- setup -->
        <test-method signature="LoginToHRM(java.lang.String,java.lang.String)[pri:0, instance:testCases.OrangeHRMTestCase@6ae5aa72]" started-at="2024-11-02T21:35:10 IST" name="LoginToHRM" data-provider="credentials" finished-at="2024-11-02T21:35:13 IST" duration-ms="2539" status="PASS">
          <params>
            <param index="0">
              <value>
                <![CDATA[Admin]]>
              </value>
            </param>
            <param index="1">
              <value>
                <![CDATA[admin123]]>
              </value>
            </param>
          </params>
          <reporter-output>
          </reporter-output>
        </test-method> <!-- LoginToHRM -->
        <test-method signature="AddEmp()[pri:0, instance:testCases.OrangeHRMTestCase@6ae5aa72]" started-at="2024-11-02T21:35:13 IST" name="AddEmp" finished-at="2024-11-02T21:35:16 IST" depends-on-methods="testCases.OrangeHRMTestCase.LoginToHRM" duration-ms="3734" status="PASS">
          <reporter-output>
          </reporter-output>
        </test-method> <!-- AddEmp -->
        <test-method is-config="true" signature="teardown()[pri:0, instance:testCases.OrangeHRMTestCase@6ae5aa72]" started-at="2024-11-02T21:35:16 IST" name="teardown" finished-at="2024-11-02T21:35:17 IST" duration-ms="282" status="PASS">
          <reporter-output>
          </reporter-output>
        </test-method> <!-- teardown -->
      </class> <!-- testCases.OrangeHRMTestCase -->
    </test> <!-- Test with chrome -->
    <test started-at="2024-11-02T21:35:17 IST" name="Test with firefox" finished-at="2024-11-02T21:35:35 IST" duration-ms="17711">
      <class name="testCases.OrangeHRMTestCase">
        <test-method is-config="true" signature="setup(java.lang.String)[pri:0, instance:testCases.OrangeHRMTestCase@5656be13]" started-at="2024-11-02T21:35:17 IST" name="setup" finished-at="2024-11-02T21:35:26 IST" duration-ms="8701" status="PASS">
          <params>
            <param index="0">
              <value>
                <![CDATA[firefox]]>
              </value>
            </param>
          </params>
          <reporter-output>
          </reporter-output>
        </test-method> <!-- setup -->
        <test-method signature="LoginToHRM(java.lang.String,java.lang.String)[pri:0, instance:testCases.OrangeHRMTestCase@5656be13]" started-at="2024-11-02T21:35:26 IST" name="LoginToHRM" data-provider="credentials" finished-at="2024-11-02T21:35:30 IST" duration-ms="4102" status="PASS">
          <params>
            <param index="0">
              <value>
                <![CDATA[Admin]]>
              </value>
            </param>
            <param index="1">
              <value>
                <![CDATA[admin123]]>
              </value>
            </param>
          </params>
          <reporter-output>
          </reporter-output>
        </test-method> <!-- LoginToHRM -->
        <test-method signature="AddEmp()[pri:0, instance:testCases.OrangeHRMTestCase@5656be13]" started-at="2024-11-02T21:35:30 IST" name="AddEmp" finished-at="2024-11-02T21:35:33 IST" depends-on-methods="testCases.OrangeHRMTestCase.LoginToHRM" duration-ms="3453" status="FAIL">
          <exception class="org.openqa.selenium.ElementClickInterceptedException">
            <message>
              <![CDATA[Element <div class="oxd-switch-wrapper"> is not clickable at point (743,435) because another element <div class="oxd-form-loader"> obscures it
Build info: version: '4.23.0', revision: '4df0a231af'
System info: os.name: 'Windows 10', os.arch: 'amd64', os.version: '10.0', java.version: '21.0.5'
Driver info: org.openqa.selenium.firefox.FirefoxDriver
Command: [99de8fe1-7acf-4035-bbc6-9b20833af686, clickElement {id=2350def3-cee7-484d-a552-58f3a072750b}]
Capabilities {acceptInsecureCerts: true, browserName: firefox, browserVersion: 132.0, moz:accessibilityChecks: false, moz:buildID: 20241021175835, moz:debuggerAddress: 127.0.0.1:34377, moz:geckodriverVersion: 0.35.0, moz:headless: false, moz:platformVersion: 10.0, moz:processID: 9420, moz:profile: C:\Users\Vimlesh\AppData\Lo..., moz:shutdownTimeout: 60000, moz:webdriverClick: true, moz:windowless: false, pageLoadStrategy: normal, platformName: windows, proxy: Proxy(), se:cdp: ws://127.0.0.1:34377/devtoo..., se:cdpVersion: 85.0, setWindowRect: true, strictFileInteractability: false, timeouts: {implicit: 0, pageLoad: 300000, script: 30000}, unhandledPromptBehavior: dismiss and notify, userAgent: Mozilla/5.0 (Windows NT 10....}
Element: [[FirefoxDriver: firefox on windows (99de8fe1-7acf-4035-bbc6-9b20833af686)] -> xpath: //div[@class='oxd-switch-wrapper']]
Session ID: 99de8fe1-7acf-4035-bbc6-9b20833af686]]>
            </message>
            <full-stacktrace>
              <![CDATA[org.openqa.selenium.ElementClickInterceptedException: Element <div class="oxd-switch-wrapper"> is not clickable at point (743,435) because another element <div class="oxd-form-loader"> obscures it
Build info: version: '4.23.0', revision: '4df0a231af'
System info: os.name: 'Windows 10', os.arch: 'amd64', os.version: '10.0', java.version: '21.0.5'
Driver info: org.openqa.selenium.firefox.FirefoxDriver
Command: [99de8fe1-7acf-4035-bbc6-9b20833af686, clickElement {id=2350def3-cee7-484d-a552-58f3a072750b}]
Capabilities {acceptInsecureCerts: true, browserName: firefox, browserVersion: 132.0, moz:accessibilityChecks: false, moz:buildID: 20241021175835, moz:debuggerAddress: 127.0.0.1:34377, moz:geckodriverVersion: 0.35.0, moz:headless: false, moz:platformVersion: 10.0, moz:processID: 9420, moz:profile: C:\Users\Vimlesh\AppData\Lo..., moz:shutdownTimeout: 60000, moz:webdriverClick: true, moz:windowless: false, pageLoadStrategy: normal, platformName: windows, proxy: Proxy(), se:cdp: ws://127.0.0.1:34377/devtoo..., se:cdpVersion: 85.0, setWindowRect: true, strictFileInteractability: false, timeouts: {implicit: 0, pageLoad: 300000, script: 30000}, unhandledPromptBehavior: dismiss and notify, userAgent: Mozilla/5.0 (Windows NT 10....}
Element: [[FirefoxDriver: firefox on windows (99de8fe1-7acf-4035-bbc6-9b20833af686)] -> xpath: //div[@class='oxd-switch-wrapper']]
Session ID: 99de8fe1-7acf-4035-bbc6-9b20833af686
at java.base/jdk.internal.reflect.DirectConstructorHandleAccessor.newInstance(DirectConstructorHandleAccessor.java:62)
at java.base/java.lang.reflect.Constructor.newInstanceWithCaller(Constructor.java:502)
at java.base/java.lang.reflect.Constructor.newInstance(Constructor.java:486)
at org.openqa.selenium.remote.ErrorCodec.decode(ErrorCodec.java:167)
at org.openqa.selenium.remote.codec.w3c.W3CHttpResponseCodec.decode(W3CHttpResponseCodec.java:138)
at org.openqa.selenium.remote.codec.w3c.W3CHttpResponseCodec.decode(W3CHttpResponseCodec.java:50)
at org.openqa.selenium.remote.HttpCommandExecutor.execute(HttpCommandExecutor.java:190)
at org.openqa.selenium.remote.service.DriverCommandExecutor.invokeExecute(DriverCommandExecutor.java:216)
at org.openqa.selenium.remote.service.DriverCommandExecutor.execute(DriverCommandExecutor.java:174)
at org.openqa.selenium.remote.RemoteWebDriver.execute(RemoteWebDriver.java:527)
at org.openqa.selenium.remote.RemoteWebElement.execute(RemoteWebElement.java:223)
at org.openqa.selenium.remote.RemoteWebElement.click(RemoteWebElement.java:76)
at pages.PIM.enableCreateLogin(PIM.java:44)
at testCases.OrangeHRMTestCase.AddEmp(OrangeHRMTestCase.java:42)
at java.base/jdk.internal.reflect.DirectMethodHandleAccessor.invoke(DirectMethodHandleAccessor.java:103)
at java.base/java.lang.reflect.Method.invoke(Method.java:580)
at org.testng.internal.MethodInvocationHelper.invokeMethod(MethodInvocationHelper.java:133)
at org.testng.internal.TestInvoker.invokeMethod(TestInvoker.java:598)
at org.testng.internal.TestInvoker.invokeTestMethod(TestInvoker.java:173)
at org.testng.internal.MethodRunner.runInSequence(MethodRunner.java:46)
at org.testng.internal.TestInvoker$MethodInvocationAgent.invoke(TestInvoker.java:824)
at org.testng.internal.TestInvoker.invokeTestMethods(TestInvoker.java:146)
at org.testng.internal.TestMethodWorker.invokeTestMethods(TestMethodWorker.java:146)
at org.testng.internal.TestMethodWorker.run(TestMethodWorker.java:128)
at java.base/java.util.ArrayList.forEach(ArrayList.java:1596)
at org.testng.TestRunner.privateRun(TestRunner.java:794)
at org.testng.TestRunner.run(TestRunner.java:596)
at org.testng.SuiteRunner.runTest(SuiteRunner.java:377)
at org.testng.SuiteRunner.runSequentially(SuiteRunner.java:371)
at org.testng.SuiteRunner.privateRun(SuiteRunner.java:332)
at org.testng.SuiteRunner.run(SuiteRunner.java:276)
at org.testng.SuiteRunnerWorker.runSuite(SuiteRunnerWorker.java:53)
at org.testng.SuiteRunnerWorker.run(SuiteRunnerWorker.java:96)
at org.testng.TestNG.runSuitesSequentially(TestNG.java:1212)
at org.testng.TestNG.runSuitesLocally(TestNG.java:1134)
at org.testng.TestNG.runSuites(TestNG.java:1063)
at org.testng.TestNG.run(TestNG.java:1031)
at org.testng.remote.AbstractRemoteTestNG.run(AbstractRemoteTestNG.java:115)
at org.testng.remote.RemoteTestNG.initAndRun(RemoteTestNG.java:293)
at org.testng.remote.RemoteTestNG.main(RemoteTestNG.java:91)
]]>
            </full-stacktrace>
          </exception> <!-- org.openqa.selenium.ElementClickInterceptedException -->
          <reporter-output>
          </reporter-output>
        </test-method> <!-- AddEmp -->
        <test-method is-config="true" signature="teardown()[pri:0, instance:testCases.OrangeHRMTestCase@5656be13]" started-at="2024-11-02T21:35:33 IST" name="teardown" finished-at="2024-11-02T21:35:35 IST" duration-ms="1422" status="PASS">
          <reporter-output>
          </reporter-output>
        </test-method> <!-- teardown -->
      </class> <!-- testCases.OrangeHRMTestCase -->
    </test> <!-- Test with firefox -->
  </suite> <!-- Suite -->
</testng-results>
