<?xml version="1.0" encoding="UTF-8"?>
<testng-results ignored="0" total="4" passed="4" failed="0" skipped="0">
  <reporter-output>
  </reporter-output>
  <suite started-at="2024-11-01T22:25:23 IST" name="Default suite" finished-at="2024-11-01T22:25:55 IST" duration-ms="31915">
    <groups>
    </groups>
    <test started-at="2024-11-01T22:25:23 IST" name="Default test" finished-at="2024-11-01T22:25:55 IST" duration-ms="31915">
      <class name="testcase.RunErailUseCase">
        <test-method is-config="true" signature="setup()[pri:0, instance:testcase.RunErailUseCase@72d1ad2e]" started-at="2024-11-01T22:25:23 IST" name="setup" finished-at="2024-11-01T22:25:32 IST" duration-ms="8438" status="PASS">
          <reporter-output>
          </reporter-output>
        </test-method> <!-- setup -->
        <test-method signature="fromStationSelection()[pri:1, instance:testcase.RunErailUseCase@72d1ad2e]" started-at="2024-11-01T22:25:32 IST" name="fromStationSelection" finished-at="2024-11-01T22:25:34 IST" duration-ms="2294" status="PASS">
          <reporter-output>
          </reporter-output>
        </test-method> <!-- fromStationSelection -->
        <test-method signature="SortonDateSelection()[pri:2, instance:testcase.RunErailUseCase@72d1ad2e]" started-at="2024-11-01T22:25:34 IST" name="SortonDateSelection" finished-at="2024-11-01T22:25:51 IST" duration-ms="16764" status="PASS">
          <reporter-output>
          </reporter-output>
        </test-method> <!-- SortonDateSelection -->
        <test-method signature="GetListFromDropDowninXLS()[pri:3, instance:testcase.RunErailUseCase@72d1ad2e]" started-at="2024-11-01T22:25:51 IST" name="GetListFromDropDowninXLS" finished-at="2024-11-01T22:25:54 IST" duration-ms="2733" status="PASS">
          <reporter-output>
          </reporter-output>
        </test-method> <!-- GetListFromDropDowninXLS -->
        <test-method signature="CompairDropDownListToExistion()[pri:4, instance:testcase.RunErailUseCase@72d1ad2e]" started-at="2024-11-01T22:25:54 IST" name="CompairDropDownListToExistion" finished-at="2024-11-01T22:25:54 IST" duration-ms="841" status="PASS">
          <reporter-output>
          </reporter-output>
        </test-method> <!-- CompairDropDownListToExistion -->
        <test-method is-config="true" signature="teardown()[pri:0, instance:testcase.RunErailUseCase@72d1ad2e]" started-at="2024-11-01T22:25:54 IST" name="teardown" finished-at="2024-11-01T22:25:55 IST" duration-ms="689" status="PASS">
          <reporter-output>
          </reporter-output>
        </test-method> <!-- teardown -->
      </class> <!-- testcase.RunErailUseCase -->
    </test> <!-- Default test -->
  </suite> <!-- Default suite -->
</testng-results>
